TN:
SF:src/app.ts
FNF:0
FNH:0
DA:7,1
DA:8,1
DA:9,1
DA:11,1
DA:12,1
LF:5
LH:5
BRF:0
BRH:0
end_of_record
TN:
SF:src/database.ts
FNF:0
FNH:0
DA:3,2
DA:4,2
LF:2
LH:2
BRF:0
BRH:0
end_of_record
TN:
SF:src/controllers/recommendationController.ts
FN:6,insert
FN:17,upvote
FN:25,downvote
FN:33,random
FN:39,get
FN:44,getTop
FN:51,getById
FN:58,reset
FN:64,seed
FNF:9
FNH:7
FNDA:2,insert
FNDA:1,upvote
FNDA:1,downvote
FNDA:1,random
FNDA:1,get
FNDA:1,getTop
FNDA:1,getById
FNDA:0,reset
FNDA:0,seed
DA:7,2
DA:8,2
DA:9,1
DA:12,1
DA:14,1
DA:18,1
DA:20,1
DA:22,1
DA:26,1
DA:28,1
DA:30,1
DA:34,1
DA:36,1
DA:40,1
DA:41,1
DA:45,1
DA:47,1
DA:48,1
DA:52,1
DA:54,1
DA:55,1
DA:59,0
DA:61,0
DA:65,0
DA:67,0
DA:70,1
LF:26
LH:22
BRDA:8,0,0,1
BRF:1
BRH:1
end_of_record
TN:
SF:src/middlewares/errorHandlerMiddleware.ts
FN:8,errorHandlerMiddleware
FNF:1
FNH:1
FNDA:1,errorHandlerMiddleware
DA:14,1
DA:16,1
DA:17,1
DA:20,0
LF:4
LH:3
BRDA:16,0,0,1
BRF:1
BRH:1
end_of_record
TN:
SF:src/repositories/recommendationRepository.ts
FN:5,create
FN:16,findAll
FN:26,getAmountByScore
FN:33,getFindAllFilter
FN:45,find
FN:51,findByName
FN:57,updateScore
FN:66,remove
FN:72,removeAll
FN:76,seed
FNF:10
FNH:7
FNDA:1,create
FNDA:3,findAll
FNDA:1,getAmountByScore
FNDA:3,getFindAllFilter
FNDA:3,find
FNDA:1,findByName
FNDA:2,updateScore
FNDA:0,remove
FNDA:0,removeAll
FNDA:0,seed
DA:6,1
DA:17,3
DA:19,3
DA:27,1
DA:36,3
DA:38,1
DA:40,1
DA:46,3
DA:52,1
DA:58,2
DA:67,0
DA:73,0
DA:77,0
DA:82,2
LF:14
LH:11
BRDA:36,0,0,2
BRF:1
BRH:1
end_of_record
TN:
SF:src/routers/recommendationRouter.ts
FNF:0
FNH:0
DA:4,1
DA:6,1
DA:7,1
DA:8,1
DA:11,1
DA:12,1
DA:13,1
DA:14,1
DA:15,1
DA:16,1
DA:17,1
LF:11
LH:11
BRDA:6,0,0,1
BRF:1
BRH:1
end_of_record
TN:
SF:src/schemas/recommendationsSchemas.ts
FNF:0
FNH:0
DA:4,1
DA:6,1
LF:2
LH:2
BRF:0
BRH:0
end_of_record
TN:
SF:src/services/recommendationsService.ts
FN:8,insert
FN:18,upvote
FN:24,downvote
FN:37,getByIdOrFail
FN:44,get
FN:48,getTop
FN:52,getRandom
FN:65,getByScore
FN:78,getScoreFilter
FN:86,reset
FN:90,seed
FNF:11
FNH:9
FNDA:2,insert
FNDA:1,upvote
FNDA:2,downvote
FNDA:5,getByIdOrFail
FNDA:1,get
FNDA:1,getTop
FNDA:4,getRandom
FNDA:4,getByScore
FNDA:4,getScoreFilter
FNDA:0,reset
FNDA:0,seed
DA:9,2
DA:12,2
DA:13,1
DA:15,1
DA:19,1
DA:21,1
DA:25,2
DA:27,2
DA:32,2
DA:33,1
DA:38,5
DA:39,5
DA:41,4
DA:45,1
DA:49,1
DA:53,4
DA:54,4
DA:56,4
DA:57,4
DA:58,1
DA:61,3
DA:62,3
DA:66,4
DA:71,4
DA:72,2
DA:75,2
DA:79,4
DA:80,3
DA:83,1
DA:87,0
DA:91,0
DA:144,0
DA:147,2
LF:33
LH:30
BRDA:12,0,0,1
BRDA:32,1,0,1
BRDA:39,2,0,1
BRDA:57,3,0,1
BRDA:71,4,0,2
BRDA:79,5,0,3
BRF:6
BRH:6
end_of_record
TN:
SF:src/utils/errorUtils.ts
FN:7,isAppError
FN:11,errorTypeToStatusCode
FN:19,conflictError
FN:23,notFoundError
FN:27,unauthorizedError
FN:31,wrongSchemaError
FNF:6
FNH:5
FNDA:1,isAppError
FNDA:1,errorTypeToStatusCode
FNDA:1,conflictError
FNDA:4,notFoundError
FNDA:0,unauthorizedError
FNDA:1,wrongSchemaError
DA:8,1
DA:12,1
DA:13,1
DA:14,1
DA:15,1
DA:16,0
DA:20,1
DA:24,4
DA:28,0
DA:32,1
LF:10
LH:8
BRDA:12,0,0,0
BRDA:13,1,0,0
BRDA:14,2,0,0
BRDA:15,3,0,1
BRDA:20,4,0,1
BRDA:20,4,1,0
BRDA:20,5,0,1
BRDA:20,5,1,1
BRDA:24,6,0,0
BRDA:24,6,1,4
BRDA:24,7,0,4
BRDA:24,7,1,4
BRDA:28,8,0,0
BRDA:28,8,1,0
BRDA:28,9,0,0
BRDA:28,9,1,0
BRDA:32,10,0,0
BRDA:32,10,1,1
BRDA:32,11,0,1
BRDA:32,11,1,1
BRF:20
BRH:10
end_of_record
TN:
SF:tests/integration/factories/createRecommendationFactory.ts
FN:4,createRecommendationFactory
FNF:1
FNH:1
FNDA:4,createRecommendationFactory
DA:5,4
LF:1
LH:1
BRF:0
BRH:0
end_of_record
TN:
SF:tests/integration/factories/recommendationFactory.ts
FN:3,recommendationFactory
FNF:1
FNH:1
FNDA:8,recommendationFactory
DA:4,8
LF:1
LH:1
BRF:0
BRH:0
end_of_record
TN:
SF:tests/unit/factories/recommendationFactory.ts
FN:3,recommendationFactory
FNF:1
FNH:1
FNDA:7,recommendationFactory
DA:4,7
LF:1
LH:1
BRF:0
BRH:0
end_of_record
